<?xml version="1.0" encoding="UTF-8"?>
<testsuite xmlns:xsi="http://www.w3.org/2001/XMLSchema-instance" xsi:noNamespaceSchemaLocation="https://maven.apache.org/surefire/maven-surefire-plugin/xsd/surefire-test-report-3.0.xsd" version="3.0" name="com.sunsett.debt_reminder.DebtReminderApplicationTests" time="3.639" tests="1" errors="0" skipped="0" failures="0">
  <properties>
[...]
</properties>
  <testcase name="contextLoads" classname="com.sunsett.debt_reminder.DebtReminderApplicationTests" time="0.243">
    <system-out><![CDATA[12:19:10.992 [main] INFO org.springframework.test.context.support.AnnotationConfigContextLoaderUtils -- Could not detect default configuration classes for test class [com.sunsett.debt_reminder.DebtReminderApplicationTests]: DebtReminderApplicationTests does not declare any static, non-private, non-final, nested classes annotated with @Configuration.
12:19:11.050 [main] INFO org.springframework.boot.test.context.SpringBootTestContextBootstrapper -- Found @SpringBootConfiguration com.sunsett.debt_reminder.DebtReminderApplication for test class com.sunsett.debt_reminder.DebtReminderApplicationTests
12:19:11.141 [main] INFO org.springframework.boot.devtools.restart.RestartApplicationListener -- Restart disabled due to context in which it is running

  .   ____          _            __ _ _
 /\\ / ___'_ __ _ _(_)_ __  __ _ \ \ \ \
( ( )\___ | '_ | '_| | '_ \/ _` | \ \ \ \
 \\/  ___)| |_)| | | | | || (_| |  ) ) ) )
  '  |____| .__|_| |_|_| |_\__, | / / / /
 =========|_|==============|___/=/_/_/_/

 :: Spring Boot ::                (v3.3.1)

2024-07-07T12:19:11.276-05:00  INFO 21940 --- [debt-reminder] [           main] c.s.d.DebtReminderApplicationTests       : Starting DebtReminderApplicationTests using Java 21.0.3 with PID 21940 (started by Fernando in C:\Users\Fernando\Desktop\debt-reminder-api-rest)
2024-07-07T12:19:11.277-05:00  INFO 21940 --- [debt-reminder] [           main] c.s.d.DebtReminderApplicationTests       : No active profile set, falling back to 1 default profile: "default"
2024-07-07T12:19:11.726-05:00  INFO 21940 --- [debt-reminder] [           main] .s.d.r.c.RepositoryConfigurationDelegate : Bootstrapping Spring Data JPA repositories in DEFAULT mode.
2024-07-07T12:19:11.761-05:00  INFO 21940 --- [debt-reminder] [           main] .s.d.r.c.RepositoryConfigurationDelegate : Finished Spring Data repository scanning in 30 ms. Found 2 JPA repository interfaces.
2024-07-07T12:19:12.156-05:00  INFO 21940 --- [debt-reminder] [           main] o.hibernate.jpa.internal.util.LogHelper  : HHH000204: Processing PersistenceUnitInfo [name: default]
2024-07-07T12:19:12.216-05:00  INFO 21940 --- [debt-reminder] [           main] org.hibernate.Version                    : HHH000412: Hibernate ORM core version 6.5.2.Final
2024-07-07T12:19:12.253-05:00  INFO 21940 --- [debt-reminder] [           main] o.h.c.internal.RegionFactoryInitiator    : HHH000026: Second-level cache disabled
2024-07-07T12:19:12.471-05:00  INFO 21940 --- [debt-reminder] [           main] o.s.o.j.p.SpringPersistenceUnitInfo      : No LoadTimeWeaver setup: ignoring JPA class transformer
2024-07-07T12:19:12.488-05:00  INFO 21940 --- [debt-reminder] [           main] com.zaxxer.hikari.HikariDataSource       : HikariPool-1 - Starting...
2024-07-07T12:19:12.593-05:00  INFO 21940 --- [debt-reminder] [           main] com.zaxxer.hikari.pool.HikariPool        : HikariPool-1 - Added connection org.postgresql.jdbc.PgConnection@3b362f1
2024-07-07T12:19:12.594-05:00  INFO 21940 --- [debt-reminder] [           main] com.zaxxer.hikari.HikariDataSource       : HikariPool-1 - Start completed.
2024-07-07T12:19:12.615-05:00  WARN 21940 --- [debt-reminder] [           main] org.hibernate.orm.deprecation            : HHH90000025: PostgreSQLDialect does not need to be specified explicitly using 'hibernate.dialect' (remove the property setting and it will be selected by default)
2024-07-07T12:19:13.227-05:00  INFO 21940 --- [debt-reminder] [           main] o.h.e.t.j.p.i.JtaPlatformInitiator       : HHH000489: No JTA platform available (set 'hibernate.transaction.jta.platform' to enable JTA platform integration)
Hibernate: 
    create table installment_debt (
        debt_id bigint not null,
        primary key (debt_id)
    )
Hibernate: 
    create table invoice_debt (
        debt_id bigint not null,
        primary key (debt_id)
    )
Hibernate: 
    create table service_debt (
        debt_id bigint not null,
        primary key (debt_id)
    )
Hibernate: 
    create table tax_debt (
        debt_id bigint not null,
        primary key (debt_id)
    )
Hibernate: 
    alter table if exists installment_debt 
       add constraint FKhr0a3osbuhaiqaxd04lv0talk 
       foreign key (debt_id) 
       references debts
Hibernate: 
    alter table if exists invoice_debt 
       add constraint FKe4x4v9i20e219w3csv4ssnvi1 
       foreign key (debt_id) 
       references debts
Hibernate: 
    alter table if exists service_debt 
       add constraint FK29jqsl0xqqq9awtwbq7h7mwrv 
       foreign key (debt_id) 
       references debts
Hibernate: 
    alter table if exists tax_debt 
       add constraint FKjwiulvp18nwlbj23w4na0769e 
       foreign key (debt_id) 
       references debts
2024-07-07T12:19:13.502-05:00  INFO 21940 --- [debt-reminder] [           main] j.LocalContainerEntityManagerFactoryBean : Initialized JPA EntityManagerFactory for persistence unit 'default'
2024-07-07T12:19:13.793-05:00  INFO 21940 --- [debt-reminder] [           main] eAuthenticationProviderManagerConfigurer : Global AuthenticationManager configured with AuthenticationProvider bean with name authenticationProvider
2024-07-07T12:19:13.793-05:00  WARN 21940 --- [debt-reminder] [           main] r$InitializeUserDetailsManagerConfigurer : Global AuthenticationManager configured with an AuthenticationProvider bean. UserDetailsService beans will not be used for username/password login. Consider removing the AuthenticationProvider bean. Alternatively, consider using the UserDetailsService in a manually instantiated DaoAuthenticationProvider.
2024-07-07T12:19:13.826-05:00  WARN 21940 --- [debt-reminder] [           main] JpaBaseConfiguration$JpaWebConfiguration : spring.jpa.open-in-view is enabled by default. Therefore, database queries may be performed during view rendering. Explicitly configure spring.jpa.open-in-view to disable this warning
2024-07-07T12:19:14.277-05:00  INFO 21940 --- [debt-reminder] [           main] c.s.d.DebtReminderApplicationTests       : Started DebtReminderApplicationTests in 3.148 seconds (process running for 3.677)
]]></system-out>
    <system-err><![CDATA[WARNING: A Java agent has been loaded dynamically (C:\Users\Fernando\.m2\repository\net\bytebuddy\byte-buddy-agent\1.14.17\byte-buddy-agent-1.14.17.jar)
WARNING: If a serviceability tool is in use, please run with -XX:+EnableDynamicAgentLoading to hide this warning
WARNING: If a serviceability tool is not in use, please run with -Djdk.instrument.traceUsage for more information
WARNING: Dynamic loading of agents will be disallowed by default in a future release
]]></system-err>
  </testcase>
</testsuite>